   1              		.syntax unified
   2              		.cpu cortex-m4
   3              		.fpu softvfp
   4              		.eabi_attribute 20, 1
   5              		.eabi_attribute 21, 1
   6              		.eabi_attribute 23, 3
   7              		.eabi_attribute 24, 1
   8              		.eabi_attribute 25, 1
   9              		.eabi_attribute 26, 1
  10              		.eabi_attribute 30, 6
  11              		.eabi_attribute 34, 1
  12              		.eabi_attribute 18, 4
  13              		.thumb
  14              		.file	"main.c"
  15              		.text
  16              	.Ltext0:
  17              		.cfi_sections	.debug_frame
  18              		.comm	I2C_Variable,4,4
  19              		.comm	uart_data,1,1
  20              		.comm	adc_data,60,4
  21              		.comm	Kp,4,4
  22              		.comm	Kd,4,4
  23              		.comm	Ki,4,4
  24              		.comm	zKp,4,4
  25              		.comm	zKd,4,4
  26              		.comm	basepower,4,4
  27              		.comm	setpoint_x,4,4
  28              		.comm	setpoint_y,4,4
  29              		.comm	setpoint_z,4,4
  30              		.comm	setpoint_alt,4,4
  31              		.comm	batt1_vol,4,4
  32              		.comm	batt2_vol,4,4
  33              		.comm	batt3_vol,4,4
  34              		.comm	BATT_VOLT,4,4
  35              		.comm	FatFs,560,4
  36              		.comm	fil,548,4
  37              		.comm	GYRO_XOUT_OFFSET,2,2
  38              		.comm	GYRO_YOUT_OFFSET,2,2
  39              		.comm	GYRO_ZOUT_OFFSET,2,2
  40              		.comm	ACCEL_XOUT_OFFSET,2,2
  41              		.comm	ACCEL_YOUT_OFFSET,2,2
  42              		.comm	ACCEL_ZOUT_OFFSET,2,2
  43              		.comm	GYRO_XANGLE,4,4
  44              		.comm	GYRO_YANGLE,4,4
  45              		.comm	GYRO_ZANGLE,4,4
  46              		.comm	GYRO_XOUT,2,2
  47              		.comm	GYRO_YOUT,2,2
  48              		.comm	GYRO_ZOUT,2,2
  49              		.comm	ACCEL_XOUT,2,2
  50              		.comm	ACCEL_YOUT,2,2
  51              		.comm	ACCEL_ZOUT,2,2
  52              		.comm	ACCEL_Gx,4,4
  53              		.comm	ACCEL_Gy,4,4
  54              		.comm	ACCEL_Gz,4,4
  55              		.comm	ACCEL,8,8
  56              		.comm	GYRO_XRATE,4,4
  57              		.comm	GYRO_YRATE,4,4
  58              		.comm	GYRO_ZRATE,4,4
  59              		.comm	ACCEL_XANGLE,4,4
  60              		.comm	ACCEL_YANGLE,4,4
  61              		.comm	gyro_xsensitivity,4,4
  62              		.comm	gyro_ysensitivity,4,4
  63              		.comm	gyro_zsensitivity,4,4
  64              		.comm	a,4,4
  65              		.comm	dt,4,4
  66              		.comm	COMPLEMENTARY_XANGLE,4,4
  67              		.comm	COMPLEMENTARY_YANGLE,4,4
  68              		.comm	filter_xterm,12,4
  69              		.comm	filter_yterm,12,4
  70              		.comm	XANGLE_OFFSET,4,4
  71              		.comm	YANGLE_OFFSET,4,4
  72              		.comm	TEMP,4,4
  73              		.comm	timeConstant,4,4
  74              		.comm	MPU_6050_buffer,14,4
  75              		.comm	AC1,2,2
  76              		.comm	AC2,2,2
  77              		.comm	AC3,2,2
  78              		.comm	B1,2,2
  79              		.comm	B2,2,2
  80              		.comm	MB,2,2
  81              		.comm	MC,2,2
  82              		.comm	MD,2,2
  83              		.comm	AC4,2,2
  84              		.comm	AC5,2,2
  85              		.comm	AC6,2,2
  86              		.comm	T,4,4
  87              		.comm	absolute_altittude,4,4
  88              		.comm	start_altittude,4,4
  89              		.comm	relative_altittude,4,4
  90              		.comm	P,4,4
  91              		.global	__aeabi_fadd
  92              		.global	__aeabi_fdiv
  93              		.align	2
  94              		.global	Zero_Sensors
  95              		.thumb
  96              		.thumb_func
  98              	Zero_Sensors:
  99              	.LFB0:
 100              		.file 1 "../Sources/main.c"
   1:../Sources/main.c **** /*
   2:../Sources/main.c ****  * main implementation: use this 'C' sample to create your own application
   3:../Sources/main.c ****  *
   4:../Sources/main.c ****  */
   5:../Sources/main.c **** 
   6:../Sources/main.c **** 
   7:../Sources/main.c **** 
   8:../Sources/main.c **** #include "main.h"
   9:../Sources/main.c **** #include "init.h"
  10:../Sources/main.c **** 
  11:../Sources/main.c **** void Zero_Sensors()
  12:../Sources/main.c **** {
 101              		.loc 1 12 0
 102              		.cfi_startproc
 103              		@ args = 0, pretend = 0, frame = 16
 104              		@ frame_needed = 1, uses_anonymous_args = 0
 105 0000 80B5     		push	{r7, lr}
 106              	.LCFI0:
 107              		.cfi_def_cfa_offset 8
 108              		.cfi_offset 7, -8
 109              		.cfi_offset 14, -4
 110 0002 84B0     		sub	sp, sp, #16
 111              	.LCFI1:
 112              		.cfi_def_cfa_offset 24
 113 0004 00AF     		add	r7, sp, #0
 114              	.LCFI2:
 115              		.cfi_def_cfa_register 7
  13:../Sources/main.c **** 	float BUFFER_XANGLE = 0;
 116              		.loc 1 13 0
 117 0006 4FF00003 		mov	r3, #0
 118 000a FB60     		str	r3, [r7, #12]	@ float
  14:../Sources/main.c **** 	float BUFFER_YANGLE = 0;
 119              		.loc 1 14 0
 120 000c 4FF00003 		mov	r3, #0
 121 0010 BB60     		str	r3, [r7, #8]	@ float
  15:../Sources/main.c **** 	int x = 0;
 122              		.loc 1 15 0
 123 0012 4FF00003 		mov	r3, #0
 124 0016 7B60     		str	r3, [r7, #4]
  16:../Sources/main.c **** 	for(x=0; x<100; x++)
 125              		.loc 1 16 0
 126 0018 4FF00003 		mov	r3, #0
 127 001c 7B60     		str	r3, [r7, #4]
 128 001e 21E0     		b	.L2
 129              	.L3:
  17:../Sources/main.c **** 	{
  18:../Sources/main.c **** 		Get_Accel_Values();
 130              		.loc 1 18 0 discriminator 2
 131 0020 FFF7FEFF 		bl	Get_Accel_Values
  19:../Sources/main.c **** 		Get_Angles();
 132              		.loc 1 19 0 discriminator 2
 133 0024 FFF7FEFF 		bl	Get_Angles
  20:../Sources/main.c **** 		BUFFER_XANGLE += ACCEL_XANGLE;
 134              		.loc 1 20 0 discriminator 2
 135 0028 40F20003 		movw	r3, #:lower16:ACCEL_XANGLE
 136 002c C0F20003 		movt	r3, #:upper16:ACCEL_XANGLE
 137 0030 1B68     		ldr	r3, [r3, #0]	@ float
 138 0032 F868     		ldr	r0, [r7, #12]	@ float
 139 0034 1946     		mov	r1, r3
 140 0036 FFF7FEFF 		bl	__aeabi_fadd
 141 003a 0346     		mov	r3, r0
 142 003c FB60     		str	r3, [r7, #12]	@ float
  21:../Sources/main.c **** 		BUFFER_YANGLE += ACCEL_YANGLE;
 143              		.loc 1 21 0 discriminator 2
 144 003e 40F20003 		movw	r3, #:lower16:ACCEL_YANGLE
 145 0042 C0F20003 		movt	r3, #:upper16:ACCEL_YANGLE
 146 0046 1B68     		ldr	r3, [r3, #0]	@ float
 147 0048 B868     		ldr	r0, [r7, #8]	@ float
 148 004a 1946     		mov	r1, r3
 149 004c FFF7FEFF 		bl	__aeabi_fadd
 150 0050 0346     		mov	r3, r0
 151 0052 BB60     		str	r3, [r7, #8]	@ float
  22:../Sources/main.c **** 		Delay_mS(1);
 152              		.loc 1 22 0 discriminator 2
 153 0054 4FF00100 		mov	r0, #1
 154 0058 FFF7FEFF 		bl	Delay_mS
  16:../Sources/main.c **** 	for(x=0; x<100; x++)
 155              		.loc 1 16 0 discriminator 2
 156 005c 7B68     		ldr	r3, [r7, #4]
 157 005e 03F10103 		add	r3, r3, #1
 158 0062 7B60     		str	r3, [r7, #4]
 159              	.L2:
  16:../Sources/main.c **** 	for(x=0; x<100; x++)
 160              		.loc 1 16 0 is_stmt 0 discriminator 1
 161 0064 7B68     		ldr	r3, [r7, #4]
 162 0066 632B     		cmp	r3, #99
 163 0068 DADD     		ble	.L3
  23:../Sources/main.c **** 	}
  24:../Sources/main.c **** 	COMPLEMENTARY_XANGLE = BUFFER_XANGLE/100.0;
 164              		.loc 1 24 0 is_stmt 1
 165 006a F868     		ldr	r0, [r7, #12]	@ float
 166 006c 4FF00001 		mov	r1, #0
 167 0070 C4F2C821 		movt	r1, 17096
 168 0074 FFF7FEFF 		bl	__aeabi_fdiv
 169 0078 0346     		mov	r3, r0
 170 007a 1A46     		mov	r2, r3
 171 007c 40F20003 		movw	r3, #:lower16:COMPLEMENTARY_XANGLE
 172 0080 C0F20003 		movt	r3, #:upper16:COMPLEMENTARY_XANGLE
 173 0084 1A60     		str	r2, [r3, #0]	@ float
  25:../Sources/main.c **** 	COMPLEMENTARY_YANGLE = BUFFER_YANGLE/100.0;
 174              		.loc 1 25 0
 175 0086 B868     		ldr	r0, [r7, #8]	@ float
 176 0088 4FF00001 		mov	r1, #0
 177 008c C4F2C821 		movt	r1, 17096
 178 0090 FFF7FEFF 		bl	__aeabi_fdiv
 179 0094 0346     		mov	r3, r0
 180 0096 1A46     		mov	r2, r3
 181 0098 40F20003 		movw	r3, #:lower16:COMPLEMENTARY_YANGLE
 182 009c C0F20003 		movt	r3, #:upper16:COMPLEMENTARY_YANGLE
 183 00a0 1A60     		str	r2, [r3, #0]	@ float
  26:../Sources/main.c **** 	GYRO_XANGLE = BUFFER_XANGLE/100.0;
 184              		.loc 1 26 0
 185 00a2 F868     		ldr	r0, [r7, #12]	@ float
 186 00a4 4FF00001 		mov	r1, #0
 187 00a8 C4F2C821 		movt	r1, 17096
 188 00ac FFF7FEFF 		bl	__aeabi_fdiv
 189 00b0 0346     		mov	r3, r0
 190 00b2 1A46     		mov	r2, r3
 191 00b4 40F20003 		movw	r3, #:lower16:GYRO_XANGLE
 192 00b8 C0F20003 		movt	r3, #:upper16:GYRO_XANGLE
 193 00bc 1A60     		str	r2, [r3, #0]	@ float
  27:../Sources/main.c **** 	GYRO_YANGLE = BUFFER_YANGLE/100.0;
 194              		.loc 1 27 0
 195 00be B868     		ldr	r0, [r7, #8]	@ float
 196 00c0 4FF00001 		mov	r1, #0
 197 00c4 C4F2C821 		movt	r1, 17096
 198 00c8 FFF7FEFF 		bl	__aeabi_fdiv
 199 00cc 0346     		mov	r3, r0
 200 00ce 1A46     		mov	r2, r3
 201 00d0 40F20003 		movw	r3, #:lower16:GYRO_YANGLE
 202 00d4 C0F20003 		movt	r3, #:upper16:GYRO_YANGLE
 203 00d8 1A60     		str	r2, [r3, #0]	@ float
  28:../Sources/main.c **** }
 204              		.loc 1 28 0
 205 00da 07F11007 		add	r7, r7, #16
 206 00de BD46     		mov	sp, r7
 207 00e0 80BD     		pop	{r7, pc}
 208              		.cfi_endproc
 209              	.LFE0:
 211 00e2 00BF     		.align	2
 212              		.global	calibrate_ESC
 213              		.thumb
 214              		.thumb_func
 216              	calibrate_ESC:
 217              	.LFB1:
  29:../Sources/main.c **** void calibrate_ESC()						//ESC kalibrasa, 1. Az MCU-t ne a kalibralando ESCrol taplaljuk
  30:../Sources/main.c **** {
 218              		.loc 1 30 0
 219              		.cfi_startproc
 220              		@ args = 0, pretend = 0, frame = 24
 221              		@ frame_needed = 1, uses_anonymous_args = 0
 222 00e4 80B5     		push	{r7, lr}
 223              	.LCFI3:
 224              		.cfi_def_cfa_offset 8
 225              		.cfi_offset 7, -8
 226              		.cfi_offset 14, -4
 227 00e6 86B0     		sub	sp, sp, #24
 228              	.LCFI4:
 229              		.cfi_def_cfa_offset 32
 230 00e8 00AF     		add	r7, sp, #0
 231              	.LCFI5:
 232              		.cfi_def_cfa_register 7
  31:../Sources/main.c **** 	initLEDs();			//!!!!!-----MPU6050 plug off%!!!---!!!!!!!!!!!!!!!!!!!!!!!!!!!!!!!!!!!!!!!!!!!!!!!!!
 233              		.loc 1 31 0
 234 00ea FFF7FEFF 		bl	initLEDs
  32:../Sources/main.c **** 	LED_Toggle_RED;						
 235              		.loc 1 32 0
 236 00ee 4FF24003 		movw	r3, #61504
 237 00f2 C4F20F03 		movt	r3, 16399
 238 00f6 4FF48022 		mov	r2, #262144
 239 00fa DA60     		str	r2, [r3, #12]
  33:../Sources/main.c **** 	Delay_mS(100);						
 240              		.loc 1 33 0
 241 00fc 4FF06400 		mov	r0, #100
 242 0100 FFF7FEFF 		bl	Delay_mS
  34:../Sources/main.c **** 	LED_Toggle_RED;						
 243              		.loc 1 34 0
 244 0104 4FF24003 		movw	r3, #61504
 245 0108 C4F20F03 		movt	r3, 16399
 246 010c 4FF48022 		mov	r2, #262144
 247 0110 DA60     		str	r2, [r3, #12]
  35:../Sources/main.c **** 	Delay_mS(100);
 248              		.loc 1 35 0
 249 0112 4FF06400 		mov	r0, #100
 250 0116 FFF7FEFF 		bl	Delay_mS
  36:../Sources/main.c **** 	LED_Toggle_RED;
 251              		.loc 1 36 0
 252 011a 4FF24003 		movw	r3, #61504
 253 011e C4F20F03 		movt	r3, 16399
 254 0122 4FF48022 		mov	r2, #262144
 255 0126 DA60     		str	r2, [r3, #12]
  37:../Sources/main.c **** 	Delay_mS(100);
 256              		.loc 1 37 0
 257 0128 4FF06400 		mov	r0, #100
 258 012c FFF7FEFF 		bl	Delay_mS
  38:../Sources/main.c **** 	LED_Toggle_RED;
 259              		.loc 1 38 0
 260 0130 4FF24003 		movw	r3, #61504
 261 0134 C4F20F03 		movt	r3, 16399
 262 0138 4FF48022 		mov	r2, #262144
 263 013c DA60     		str	r2, [r3, #12]
  39:../Sources/main.c **** 	SetMotorPWM(999,999,999,999);	//2. Adjunk 100% PWM-et majd csatlakoztassuk a kalibrálni kivant ESC
 264              		.loc 1 39 0
 265 013e 40F2E730 		movw	r0, #999
 266 0142 40F2E731 		movw	r1, #999
 267 0146 40F2E732 		movw	r2, #999
 268 014a 40F2E733 		movw	r3, #999
 269 014e FFF7FEFF 		bl	SetMotorPWM
  40:../Sources/main.c **** 	Delay_mS(7000);						//3. Csatlakoztassuk a kalibralando ESCet a tapfeszültséghez
 270              		.loc 1 40 0
 271 0152 41F65830 		movw	r0, #7000
 272 0156 FFF7FEFF 		bl	Delay_mS
  41:../Sources/main.c **** 	LED_On_RED;
 273              		.loc 1 41 0
 274 015a 4FF24003 		movw	r3, #61504
 275 015e C4F20F03 		movt	r3, 16399
 276 0162 4FF48022 		mov	r2, #262144
 277 0166 9A60     		str	r2, [r3, #8]
  42:../Sources/main.c **** 	SetMotorPWM(1,1,1,1);
 278              		.loc 1 42 0
 279 0168 4FF00100 		mov	r0, #1
 280 016c 4FF00101 		mov	r1, #1
 281 0170 4FF00102 		mov	r2, #1
 282 0174 4FF00103 		mov	r3, #1
 283 0178 FFF7FEFF 		bl	SetMotorPWM
  43:../Sources/main.c **** 	Delay_mS(2000);
 284              		.loc 1 43 0
 285 017c 4FF4FA60 		mov	r0, #2000
 286 0180 FFF7FEFF 		bl	Delay_mS
  44:../Sources/main.c **** 	int A=0,B=0,C=0,D=0;
 287              		.loc 1 44 0
 288 0184 4FF00003 		mov	r3, #0
 289 0188 7B61     		str	r3, [r7, #20]
 290 018a 4FF00003 		mov	r3, #0
 291 018e 3B61     		str	r3, [r7, #16]
 292 0190 4FF00003 		mov	r3, #0
 293 0194 FB60     		str	r3, [r7, #12]
 294 0196 4FF00003 		mov	r3, #0
 295 019a BB60     		str	r3, [r7, #8]
  45:../Sources/main.c **** 	int x=190;
 296              		.loc 1 45 0
 297 019c 4FF0BE03 		mov	r3, #190
 298 01a0 7B60     		str	r3, [r7, #4]
 299 01a2 00E0     		b	.L6
 300              	.L7:
  46:../Sources/main.c **** 	while(1)							//4. Varjuk ki még lefut a program
  47:../Sources/main.c **** 	{
  48:../Sources/main.c **** 		SetMotorPWM(A,B,C,D);
  49:../Sources/main.c **** 		A++,B++,C++,D++;
  50:../Sources/main.c **** 		Delay_mS(50);
  51:../Sources/main.c **** 		if(A>x) A=0,B=0,C=0,D=0;
  52:../Sources/main.c **** 	}
 301              		.loc 1 52 0
 302 01a4 00BF     		nop
 303              	.L6:
  48:../Sources/main.c **** 		SetMotorPWM(A,B,C,D);
 304              		.loc 1 48 0
 305 01a6 7869     		ldr	r0, [r7, #20]
 306 01a8 3969     		ldr	r1, [r7, #16]
 307 01aa FA68     		ldr	r2, [r7, #12]
 308 01ac BB68     		ldr	r3, [r7, #8]
 309 01ae FFF7FEFF 		bl	SetMotorPWM
  49:../Sources/main.c **** 		A++,B++,C++,D++;
 310              		.loc 1 49 0
 311 01b2 7B69     		ldr	r3, [r7, #20]
 312 01b4 03F10103 		add	r3, r3, #1
 313 01b8 7B61     		str	r3, [r7, #20]
 314 01ba 3B69     		ldr	r3, [r7, #16]
 315 01bc 03F10103 		add	r3, r3, #1
 316 01c0 3B61     		str	r3, [r7, #16]
 317 01c2 FB68     		ldr	r3, [r7, #12]
 318 01c4 03F10103 		add	r3, r3, #1
 319 01c8 FB60     		str	r3, [r7, #12]
 320 01ca BB68     		ldr	r3, [r7, #8]
 321 01cc 03F10103 		add	r3, r3, #1
 322 01d0 BB60     		str	r3, [r7, #8]
  50:../Sources/main.c **** 		Delay_mS(50);
 323              		.loc 1 50 0
 324 01d2 4FF03200 		mov	r0, #50
 325 01d6 FFF7FEFF 		bl	Delay_mS
  51:../Sources/main.c **** 		if(A>x) A=0,B=0,C=0,D=0;
 326              		.loc 1 51 0
 327 01da 7A69     		ldr	r2, [r7, #20]
 328 01dc 7B68     		ldr	r3, [r7, #4]
 329 01de 9A42     		cmp	r2, r3
 330 01e0 E0DD     		ble	.L7
  51:../Sources/main.c **** 		if(A>x) A=0,B=0,C=0,D=0;
 331              		.loc 1 51 0 is_stmt 0 discriminator 1
 332 01e2 4FF00003 		mov	r3, #0
 333 01e6 7B61     		str	r3, [r7, #20]
 334 01e8 4FF00003 		mov	r3, #0
 335 01ec 3B61     		str	r3, [r7, #16]
 336 01ee 4FF00003 		mov	r3, #0
 337 01f2 FB60     		str	r3, [r7, #12]
 338 01f4 4FF00003 		mov	r3, #0
 339 01f8 BB60     		str	r3, [r7, #8]
 340              		.loc 1 52 0 is_stmt 1 discriminator 1
 341 01fa D3E7     		b	.L7
 342              		.cfi_endproc
 343              	.LFE1:
 345              		.align	2
 346              		.global	motor_test
 347              		.thumb
 348              		.thumb_func
 350              	motor_test:
 351              	.LFB2:
  53:../Sources/main.c **** }
  54:../Sources/main.c **** void motor_test()
  55:../Sources/main.c **** {
 352              		.loc 1 55 0
 353              		.cfi_startproc
 354              		@ args = 0, pretend = 0, frame = 8
 355              		@ frame_needed = 1, uses_anonymous_args = 0
 356 01fc 80B5     		push	{r7, lr}
 357              	.LCFI6:
 358              		.cfi_def_cfa_offset 8
 359              		.cfi_offset 7, -8
 360              		.cfi_offset 14, -4
 361 01fe 82B0     		sub	sp, sp, #8
 362              	.LCFI7:
 363              		.cfi_def_cfa_offset 16
 364 0200 00AF     		add	r7, sp, #0
 365              	.LCFI8:
 366              		.cfi_def_cfa_register 7
  56:../Sources/main.c **** 	int i,j;
  57:../Sources/main.c **** 	for(i=0;i<4;i++)
 367              		.loc 1 57 0
 368 0202 4FF00003 		mov	r3, #0
 369 0206 7B60     		str	r3, [r7, #4]
 370 0208 18E0     		b	.L9
 371              	.L12:
  58:../Sources/main.c **** 	{
  59:../Sources/main.c **** 		for(j=0;j<150;j++)
 372              		.loc 1 59 0
 373 020a 4FF00003 		mov	r3, #0
 374 020e 3B60     		str	r3, [r7, #0]
 375 0210 0DE0     		b	.L10
 376              	.L11:
  60:../Sources/main.c **** 		{
  61:../Sources/main.c **** 			Delay_mS(5);
 377              		.loc 1 61 0 discriminator 2
 378 0212 4FF00500 		mov	r0, #5
 379 0216 FFF7FEFF 		bl	Delay_mS
  62:../Sources/main.c **** 			//if(i==0) SetMotorPWM(j,0,0,0);
  63:../Sources/main.c **** 			//if(i==1) SetMotorPWM(0,j,0,0);
  64:../Sources/main.c **** 			//if(i==2) SetMotorPWM(0,0,j,0);
  65:../Sources/main.c **** 			//if(i==3) SetMotorPWM(0,0,0,j);
  66:../Sources/main.c **** 			SetMotorPWM(j,j,j,j);
 380              		.loc 1 66 0 discriminator 2
 381 021a 3868     		ldr	r0, [r7, #0]
 382 021c 3968     		ldr	r1, [r7, #0]
 383 021e 3A68     		ldr	r2, [r7, #0]
 384 0220 3B68     		ldr	r3, [r7, #0]
 385 0222 FFF7FEFF 		bl	SetMotorPWM
  59:../Sources/main.c **** 		for(j=0;j<150;j++)
 386              		.loc 1 59 0 discriminator 2
 387 0226 3B68     		ldr	r3, [r7, #0]
 388 0228 03F10103 		add	r3, r3, #1
 389 022c 3B60     		str	r3, [r7, #0]
 390              	.L10:
  59:../Sources/main.c **** 		for(j=0;j<150;j++)
 391              		.loc 1 59 0 is_stmt 0 discriminator 1
 392 022e 3B68     		ldr	r3, [r7, #0]
 393 0230 952B     		cmp	r3, #149
 394 0232 EEDD     		ble	.L11
  57:../Sources/main.c **** 	for(i=0;i<4;i++)
 395              		.loc 1 57 0 is_stmt 1
 396 0234 7B68     		ldr	r3, [r7, #4]
 397 0236 03F10103 		add	r3, r3, #1
 398 023a 7B60     		str	r3, [r7, #4]
 399              	.L9:
  57:../Sources/main.c **** 	for(i=0;i<4;i++)
 400              		.loc 1 57 0 is_stmt 0 discriminator 1
 401 023c 7B68     		ldr	r3, [r7, #4]
 402 023e 032B     		cmp	r3, #3
 403 0240 E3DD     		ble	.L12
  67:../Sources/main.c **** 		}
  68:../Sources/main.c **** 	}
  69:../Sources/main.c **** }
 404              		.loc 1 69 0 is_stmt 1
 405 0242 07F10807 		add	r7, r7, #8
 406 0246 BD46     		mov	sp, r7
 407 0248 80BD     		pop	{r7, pc}
 408              		.cfi_endproc
 409              	.LFE2:
 411 024a 00BF     		.align	2
 412              		.global	motor_start
 413              		.thumb
 414              		.thumb_func
 416              	motor_start:
 417              	.LFB3:
  70:../Sources/main.c **** void motor_start(int basepower)
  71:../Sources/main.c **** {
 418              		.loc 1 71 0
 419              		.cfi_startproc
 420              		@ args = 0, pretend = 0, frame = 8
 421              		@ frame_needed = 1, uses_anonymous_args = 0
 422 024c 80B5     		push	{r7, lr}
 423              	.LCFI9:
 424              		.cfi_def_cfa_offset 8
 425              		.cfi_offset 7, -8
 426              		.cfi_offset 14, -4
 427 024e 82B0     		sub	sp, sp, #8
 428              	.LCFI10:
 429              		.cfi_def_cfa_offset 16
 430 0250 00AF     		add	r7, sp, #0
 431              	.LCFI11:
 432              		.cfi_def_cfa_register 7
 433 0252 7860     		str	r0, [r7, #4]
  72:../Sources/main.c **** 	SetMotorPWM(75,75,75,75);
 434              		.loc 1 72 0
 435 0254 4FF04B00 		mov	r0, #75
 436 0258 4FF04B01 		mov	r1, #75
 437 025c 4FF04B02 		mov	r2, #75
 438 0260 4FF04B03 		mov	r3, #75
 439 0264 FFF7FEFF 		bl	SetMotorPWM
  73:../Sources/main.c **** 	Delay_mS(100);
 440              		.loc 1 73 0
 441 0268 4FF06400 		mov	r0, #100
 442 026c FFF7FEFF 		bl	Delay_mS
  74:../Sources/main.c **** 	SetMotorPWM(84,84,84,84);
 443              		.loc 1 74 0
 444 0270 4FF05400 		mov	r0, #84
 445 0274 4FF05401 		mov	r1, #84
 446 0278 4FF05402 		mov	r2, #84
 447 027c 4FF05403 		mov	r3, #84
 448 0280 FFF7FEFF 		bl	SetMotorPWM
  75:../Sources/main.c **** 	Delay_mS(2000);
 449              		.loc 1 75 0
 450 0284 4FF4FA60 		mov	r0, #2000
 451 0288 FFF7FEFF 		bl	Delay_mS
  76:../Sources/main.c **** 	SetMotorPWM(75,75,75,75);
 452              		.loc 1 76 0
 453 028c 4FF04B00 		mov	r0, #75
 454 0290 4FF04B01 		mov	r1, #75
 455 0294 4FF04B02 		mov	r2, #75
 456 0298 4FF04B03 		mov	r3, #75
 457 029c FFF7FEFF 		bl	SetMotorPWM
  77:../Sources/main.c **** 	Delay_mS(1000);
 458              		.loc 1 77 0
 459 02a0 4FF47A70 		mov	r0, #1000
 460 02a4 FFF7FEFF 		bl	Delay_mS
  78:../Sources/main.c **** 
  79:../Sources/main.c **** /*	while(A<Convert_FORCEtoPWM(0.75*basepower))
  80:../Sources/main.c **** 	{
  81:../Sources/main.c **** 		SetMotorPWM(A,B,C,D);
  82:../Sources/main.c **** 		A++,B++,C++,D++;
  83:../Sources/main.c **** 		Delay_mS(25);
  84:../Sources/main.c **** 	}*/
  85:../Sources/main.c **** }
 461              		.loc 1 85 0
 462 02a8 07F10807 		add	r7, r7, #8
 463 02ac BD46     		mov	sp, r7
 464 02ae 80BD     		pop	{r7, pc}
 465              		.cfi_endproc
 466              	.LFE3:
 468              		.align	2
 469              		.global	calibrate_BATT_voltmeter
 470              		.thumb
 471              		.thumb_func
 473              	calibrate_BATT_voltmeter:
 474              	.LFB4:
  86:../Sources/main.c **** 
  87:../Sources/main.c **** void calibrate_BATT_voltmeter()
  88:../Sources/main.c **** {
 475              		.loc 1 88 0
 476              		.cfi_startproc
 477              		@ args = 0, pretend = 0, frame = 16
 478              		@ frame_needed = 1, uses_anonymous_args = 0
 479 02b0 80B5     		push	{r7, lr}
 480              	.LCFI12:
 481              		.cfi_def_cfa_offset 8
 482              		.cfi_offset 7, -8
 483              		.cfi_offset 14, -4
 484 02b2 84B0     		sub	sp, sp, #16
 485              	.LCFI13:
 486              		.cfi_def_cfa_offset 24
 487 02b4 00AF     		add	r7, sp, #0
 488              	.LCFI14:
 489              		.cfi_def_cfa_register 7
 490              	.L21:
 491              	.LBB2:
  89:../Sources/main.c **** 	int i;
  90:../Sources/main.c **** 	while(1){
  91:../Sources/main.c **** 		long temp1=0,temp2=0,temp3=0;
 492              		.loc 1 91 0
 493 02b6 4FF00003 		mov	r3, #0
 494 02ba BB60     		str	r3, [r7, #8]
 495 02bc 4FF00003 		mov	r3, #0
 496 02c0 7B60     		str	r3, [r7, #4]
 497 02c2 4FF00003 		mov	r3, #0
 498 02c6 3B60     		str	r3, [r7, #0]
  92:../Sources/main.c **** 		for(i=0;i<1000;i++)
 499              		.loc 1 92 0
 500 02c8 4FF00003 		mov	r3, #0
 501 02cc FB60     		str	r3, [r7, #12]
 502 02ce 0FE0     		b	.L15
 503              	.L16:
  93:../Sources/main.c **** 		{
  94:../Sources/main.c **** 			temp1=temp1+Read_ADC0(23);
 504              		.loc 1 94 0 discriminator 2
 505 02d0 4FF01700 		mov	r0, #23
 506 02d4 FFF7FEFF 		bl	Read_ADC0
 507 02d8 0346     		mov	r3, r0
 508 02da BA68     		ldr	r2, [r7, #8]
 509 02dc D318     		adds	r3, r2, r3
 510 02de BB60     		str	r3, [r7, #8]
  95:../Sources/main.c **** 			Delay_mS(1);
 511              		.loc 1 95 0 discriminator 2
 512 02e0 4FF00100 		mov	r0, #1
 513 02e4 FFF7FEFF 		bl	Delay_mS
  92:../Sources/main.c **** 		for(i=0;i<1000;i++)
 514              		.loc 1 92 0 discriminator 2
 515 02e8 FB68     		ldr	r3, [r7, #12]
 516 02ea 03F10103 		add	r3, r3, #1
 517 02ee FB60     		str	r3, [r7, #12]
 518              	.L15:
  92:../Sources/main.c **** 		for(i=0;i<1000;i++)
 519              		.loc 1 92 0 is_stmt 0 discriminator 1
 520 02f0 FA68     		ldr	r2, [r7, #12]
 521 02f2 40F2E733 		movw	r3, #999
 522 02f6 9A42     		cmp	r2, r3
 523 02f8 EADD     		ble	.L16
  96:../Sources/main.c **** 		}
  97:../Sources/main.c **** 		temp1=temp1/1000;
 524              		.loc 1 97 0 is_stmt 1
 525 02fa BA68     		ldr	r2, [r7, #8]
 526 02fc 44F6D353 		movw	r3, #19923
 527 0300 C1F26203 		movt	r3, 4194
 528 0304 83FB0213 		smull	r1, r3, r3, r2
 529 0308 4FEAA311 		asr	r1, r3, #6
 530 030c 4FEAE273 		asr	r3, r2, #31
 531 0310 CB1A     		subs	r3, r1, r3
 532 0312 BB60     		str	r3, [r7, #8]
  98:../Sources/main.c **** 		for(i=0;i<1000;i++)
 533              		.loc 1 98 0
 534 0314 4FF00003 		mov	r3, #0
 535 0318 FB60     		str	r3, [r7, #12]
 536 031a 0FE0     		b	.L17
 537              	.L18:
  99:../Sources/main.c **** 		{
 100:../Sources/main.c **** 			temp2=temp2+Read_ADC0(21);
 538              		.loc 1 100 0 discriminator 2
 539 031c 4FF01500 		mov	r0, #21
 540 0320 FFF7FEFF 		bl	Read_ADC0
 541 0324 0346     		mov	r3, r0
 542 0326 7A68     		ldr	r2, [r7, #4]
 543 0328 D318     		adds	r3, r2, r3
 544 032a 7B60     		str	r3, [r7, #4]
 101:../Sources/main.c **** 			Delay_mS(1);
 545              		.loc 1 101 0 discriminator 2
 546 032c 4FF00100 		mov	r0, #1
 547 0330 FFF7FEFF 		bl	Delay_mS
  98:../Sources/main.c **** 		for(i=0;i<1000;i++)
 548              		.loc 1 98 0 discriminator 2
 549 0334 FB68     		ldr	r3, [r7, #12]
 550 0336 03F10103 		add	r3, r3, #1
 551 033a FB60     		str	r3, [r7, #12]
 552              	.L17:
  98:../Sources/main.c **** 		for(i=0;i<1000;i++)
 553              		.loc 1 98 0 is_stmt 0 discriminator 1
 554 033c FA68     		ldr	r2, [r7, #12]
 555 033e 40F2E733 		movw	r3, #999
 556 0342 9A42     		cmp	r2, r3
 557 0344 EADD     		ble	.L18
 102:../Sources/main.c **** 		}
 103:../Sources/main.c **** 		temp2=temp2/1000;
 558              		.loc 1 103 0 is_stmt 1
 559 0346 7A68     		ldr	r2, [r7, #4]
 560 0348 44F6D353 		movw	r3, #19923
 561 034c C1F26203 		movt	r3, 4194
 562 0350 83FB0213 		smull	r1, r3, r3, r2
 563 0354 4FEAA311 		asr	r1, r3, #6
 564 0358 4FEAE273 		asr	r3, r2, #31
 565 035c CB1A     		subs	r3, r1, r3
 566 035e 7B60     		str	r3, [r7, #4]
 104:../Sources/main.c **** 		for(i=0;i<1000;i++)
 567              		.loc 1 104 0
 568 0360 4FF00003 		mov	r3, #0
 569 0364 FB60     		str	r3, [r7, #12]
 570 0366 0FE0     		b	.L19
 571              	.L20:
 105:../Sources/main.c **** 		{
 106:../Sources/main.c **** 			temp3=temp3+Read_ADC0(0);
 572              		.loc 1 106 0 discriminator 2
 573 0368 4FF00000 		mov	r0, #0
 574 036c FFF7FEFF 		bl	Read_ADC0
 575 0370 0346     		mov	r3, r0
 576 0372 3A68     		ldr	r2, [r7, #0]
 577 0374 D318     		adds	r3, r2, r3
 578 0376 3B60     		str	r3, [r7, #0]
 107:../Sources/main.c **** 			Delay_mS(1);
 579              		.loc 1 107 0 discriminator 2
 580 0378 4FF00100 		mov	r0, #1
 581 037c FFF7FEFF 		bl	Delay_mS
 104:../Sources/main.c **** 		for(i=0;i<1000;i++)
 582              		.loc 1 104 0 discriminator 2
 583 0380 FB68     		ldr	r3, [r7, #12]
 584 0382 03F10103 		add	r3, r3, #1
 585 0386 FB60     		str	r3, [r7, #12]
 586              	.L19:
 104:../Sources/main.c **** 		for(i=0;i<1000;i++)
 587              		.loc 1 104 0 is_stmt 0 discriminator 1
 588 0388 FA68     		ldr	r2, [r7, #12]
 589 038a 40F2E733 		movw	r3, #999
 590 038e 9A42     		cmp	r2, r3
 591 0390 EADD     		ble	.L20
 108:../Sources/main.c **** 		}
 109:../Sources/main.c **** 		temp3=temp3/1000;
 592              		.loc 1 109 0 is_stmt 1
 593 0392 3A68     		ldr	r2, [r7, #0]
 594 0394 44F6D353 		movw	r3, #19923
 595 0398 C1F26203 		movt	r3, 4194
 596 039c 83FB0213 		smull	r1, r3, r3, r2
 597 03a0 4FEAA311 		asr	r1, r3, #6
 598 03a4 4FEAE273 		asr	r3, r2, #31
 599 03a8 CB1A     		subs	r3, r1, r3
 600 03aa 3B60     		str	r3, [r7, #0]
 601              	.LBE2:
 110:../Sources/main.c **** 	}
 602              		.loc 1 110 0
 603 03ac 83E7     		b	.L21
 604              		.cfi_endproc
 605              	.LFE4:
 607              		.section	.rodata
 608              		.align	2
 609              	.LC0:
 610 0000 415400   		.ascii	"AT\000"
 611 0003 00       		.align	2
 612              	.LC1:
 613 0004 41542B4E 		.ascii	"AT+NAMEquadcopter\000"
 613      414D4571 
 613      75616463 
 613      6F707465 
 613      7200
 614 0016 0000     		.align	2
 615              	.LC2:
 616 0018 41542B50 		.ascii	"AT+PIN1234\000"
 616      494E3132 
 616      333400
 617 0023 00       		.align	2
 618              	.LC3:
 619 0024 41542B42 		.ascii	"AT+BAUD8\000"
 619      41554438 
 619      00
 620              		.text
 621 03ae 00BF     		.align	2
 622              		.global	bluetoothSetup
 623              		.thumb
 624              		.thumb_func
 626              	bluetoothSetup:
 627              	.LFB5:
 111:../Sources/main.c **** }
 112:../Sources/main.c **** 
 113:../Sources/main.c **** void bluetoothSetup(void)
 114:../Sources/main.c **** {
 628              		.loc 1 114 0
 629              		.cfi_startproc
 630              		@ args = 0, pretend = 0, frame = 0
 631              		@ frame_needed = 1, uses_anonymous_args = 0
 632 03b0 80B5     		push	{r7, lr}
 633              	.LCFI15:
 634              		.cfi_def_cfa_offset 8
 635              		.cfi_offset 7, -8
 636              		.cfi_offset 14, -4
 637 03b2 00AF     		add	r7, sp, #0
 638              	.LCFI16:
 639              		.cfi_def_cfa_register 7
 115:../Sources/main.c **** 	uart_transmitdata(UART0_BASE_PTR,"AT");
 640              		.loc 1 115 0
 641 03b4 4FF42040 		mov	r0, #40960
 642 03b8 C4F20600 		movt	r0, 16390
 643 03bc 40F20001 		movw	r1, #:lower16:.LC0
 644 03c0 C0F20001 		movt	r1, #:upper16:.LC0
 645 03c4 FFF7FEFF 		bl	uart_transmitdata
 116:../Sources/main.c ****     Delay_mS(1000);
 646              		.loc 1 116 0
 647 03c8 4FF47A70 		mov	r0, #1000
 648 03cc FFF7FEFF 		bl	Delay_mS
 117:../Sources/main.c ****     uart_transmitdata(UART0_BASE_PTR,"AT+NAMEquadcopter");
 649              		.loc 1 117 0
 650 03d0 4FF42040 		mov	r0, #40960
 651 03d4 C4F20600 		movt	r0, 16390
 652 03d8 40F20001 		movw	r1, #:lower16:.LC1
 653 03dc C0F20001 		movt	r1, #:upper16:.LC1
 654 03e0 FFF7FEFF 		bl	uart_transmitdata
 118:../Sources/main.c ****     Delay_mS(1000);
 655              		.loc 1 118 0
 656 03e4 4FF47A70 		mov	r0, #1000
 657 03e8 FFF7FEFF 		bl	Delay_mS
 119:../Sources/main.c ****     uart_transmitdata(UART0_BASE_PTR,"AT+PIN1234");
 658              		.loc 1 119 0
 659 03ec 4FF42040 		mov	r0, #40960
 660 03f0 C4F20600 		movt	r0, 16390
 661 03f4 40F20001 		movw	r1, #:lower16:.LC2
 662 03f8 C0F20001 		movt	r1, #:upper16:.LC2
 663 03fc FFF7FEFF 		bl	uart_transmitdata
 120:../Sources/main.c ****     Delay_mS(1000);
 664              		.loc 1 120 0
 665 0400 4FF47A70 		mov	r0, #1000
 666 0404 FFF7FEFF 		bl	Delay_mS
 121:../Sources/main.c ****     uart_transmitdata(UART0_BASE_PTR,"AT+BAUD8");
 667              		.loc 1 121 0
 668 0408 4FF42040 		mov	r0, #40960
 669 040c C4F20600 		movt	r0, 16390
 670 0410 40F20001 		movw	r1, #:lower16:.LC3
 671 0414 C0F20001 		movt	r1, #:upper16:.LC3
 672 0418 FFF7FEFF 		bl	uart_transmitdata
 122:../Sources/main.c **** }
 673              		.loc 1 122 0
 674 041c 80BD     		pop	{r7, pc}
 675              		.cfi_endproc
 676              	.LFE5:
 678 041e 00BF     		.align	2
 679              		.global	abs
 680              		.thumb
 681              		.thumb_func
 683              	abs:
 684              	.LFB6:
 123:../Sources/main.c **** 
 124:../Sources/main.c **** int abs(int number)
 125:../Sources/main.c **** {
 685              		.loc 1 125 0
 686              		.cfi_startproc
 687              		@ args = 0, pretend = 0, frame = 8
 688              		@ frame_needed = 1, uses_anonymous_args = 0
 689              		@ link register save eliminated.
 690 0420 80B4     		push	{r7}
 691              	.LCFI17:
 692              		.cfi_def_cfa_offset 4
 693              		.cfi_offset 7, -4
 694 0422 83B0     		sub	sp, sp, #12
 695              	.LCFI18:
 696              		.cfi_def_cfa_offset 16
 697 0424 00AF     		add	r7, sp, #0
 698              	.LCFI19:
 699              		.cfi_def_cfa_register 7
 700 0426 7860     		str	r0, [r7, #4]
 126:../Sources/main.c **** 	if(number<0) return number=-number*-1;
 701              		.loc 1 126 0
 702 0428 7B68     		ldr	r3, [r7, #4]
 703 042a 002B     		cmp	r3, #0
 704 042c 01DA     		bge	.L24
 705              		.loc 1 126 0 is_stmt 0 discriminator 1
 706 042e 7B68     		ldr	r3, [r7, #4]
 707 0430 00E0     		b	.L25
 708              	.L24:
 127:../Sources/main.c **** 	else return number;
 709              		.loc 1 127 0 is_stmt 1
 710 0432 7B68     		ldr	r3, [r7, #4]
 711              	.L25:
 128:../Sources/main.c **** }
 712              		.loc 1 128 0
 713 0434 1846     		mov	r0, r3
 714 0436 07F10C07 		add	r7, r7, #12
 715 043a BD46     		mov	sp, r7
 716 043c 80BC     		pop	{r7}
 717 043e 7047     		bx	lr
 718              		.cfi_endproc
 719              	.LFE6:
 721              		.align	2
 722              		.global	error
 723              		.thumb
 724              		.thumb_func
 726              	error:
 727              	.LFB7:
 129:../Sources/main.c **** 
 130:../Sources/main.c **** void error(FRESULT *fr)
 131:../Sources/main.c **** {
 728              		.loc 1 131 0
 729              		.cfi_startproc
 730              		@ args = 0, pretend = 0, frame = 8
 731              		@ frame_needed = 1, uses_anonymous_args = 0
 732              		@ link register save eliminated.
 733 0440 80B4     		push	{r7}
 734              	.LCFI20:
 735              		.cfi_def_cfa_offset 4
 736              		.cfi_offset 7, -4
 737 0442 83B0     		sub	sp, sp, #12
 738              	.LCFI21:
 739              		.cfi_def_cfa_offset 16
 740 0444 00AF     		add	r7, sp, #0
 741              	.LCFI22:
 742              		.cfi_def_cfa_register 7
 743 0446 7860     		str	r0, [r7, #4]
 132:../Sources/main.c **** 	//LED_Off_RED
 133:../Sources/main.c **** 	//if(*fr==0)	Set_LEDPWM(0,0,5);
 134:../Sources/main.c **** }
 744              		.loc 1 134 0
 745 0448 07F10C07 		add	r7, r7, #12
 746 044c BD46     		mov	sp, r7
 747 044e 80BC     		pop	{r7}
 748 0450 7047     		bx	lr
 749              		.cfi_endproc
 750              	.LFE7:
 752              		.section	.rodata
 753 002d 000000   		.align	2
 754              	.LC4:
 755 0030 204E6F2E 		.ascii	" No.    A     B     C     D   acc.x acc.y acc.z res"
 755      20202020 
 755      41202020 
 755      20204220 
 755      20202020 
 756 0063 2E782072 		.ascii	".x res.y res.z timer\015\012\000"
 756      65732E79 
 756      20726573 
 756      2E7A2074 
 756      696D6572 
 757 007a 0000     		.text
 758 0452 00BF     		.align	2
 759              		.global	main
 760              		.thumb
 761              		.thumb_func
 763              	main:
 764              	.LFB8:
 135:../Sources/main.c **** 
 136:../Sources/main.c **** int main(void)
 137:../Sources/main.c ****    {	
 765              		.loc 1 137 0
 766              		.cfi_startproc
 767              		@ args = 0, pretend = 0, frame = 16
 768              		@ frame_needed = 1, uses_anonymous_args = 0
 769 0454 80B5     		push	{r7, lr}
 770              	.LCFI23:
 771              		.cfi_def_cfa_offset 8
 772              		.cfi_offset 7, -8
 773              		.cfi_offset 14, -4
 774 0456 84B0     		sub	sp, sp, #16
 775              	.LCFI24:
 776              		.cfi_def_cfa_offset 24
 777 0458 00AF     		add	r7, sp, #0
 778              	.LCFI25:
 779              		.cfi_def_cfa_register 7
 138:../Sources/main.c **** 	Init();
 780              		.loc 1 138 0
 781 045a FFF7FEFF 		bl	Init
 139:../Sources/main.c **** 	//Set_LEDPWM(0,0,0); helyett LCDre valami
 140:../Sources/main.c **** //	calibrate_ESC();	//MPU6050 plug off!!!!!!!!!!!!!!!!!!!!!!!!!!!!!!!!!!!!!!!!!!!!!!!!!!!!!
 141:../Sources/main.c **** //	calibrate_BATT_voltmeter();
 142:../Sources/main.c **** 	UINT x=5;
 782              		.loc 1 142 0
 783 045e 4FF00503 		mov	r3, #5
 784 0462 BB60     		str	r3, [r7, #8]
 143:../Sources/main.c **** 	FRESULT fr;    /* FatFs return code */
 144:../Sources/main.c **** 	
 145:../Sources/main.c **** 	fr=create_log(&fil);
 785              		.loc 1 145 0
 786 0464 40F20000 		movw	r0, #:lower16:fil
 787 0468 C0F20000 		movt	r0, #:upper16:fil
 788 046c FFF7FEFF 		bl	create_log
 789 0470 0346     		mov	r3, r0
 790 0472 FB71     		strb	r3, [r7, #7]
 146:../Sources/main.c **** 	fr=f_write(&fil," No.    A     B     C     D   acc.x acc.y acc.z res.x res.y res.z timer\r\n",70,&
 791              		.loc 1 146 0
 792 0474 07F10803 		add	r3, r7, #8
 793 0478 40F20000 		movw	r0, #:lower16:fil
 794 047c C0F20000 		movt	r0, #:upper16:fil
 795 0480 40F20001 		movw	r1, #:lower16:.LC4
 796 0484 C0F20001 		movt	r1, #:upper16:.LC4
 797 0488 4FF04602 		mov	r2, #70
 798 048c FFF7FEFF 		bl	f_write
 799 0490 0346     		mov	r3, r0
 800 0492 FB71     		strb	r3, [r7, #7]
 147:../Sources/main.c **** 	
 148:../Sources/main.c **** 	//Zero_Sensors();
 149:../Sources/main.c **** 	motor_test();
 801              		.loc 1 149 0
 802 0494 FFF7FEFF 		bl	motor_test
 150:../Sources/main.c **** 	a=1.0/(1+(1.0/400.0));
 803              		.loc 1 150 0
 804 0498 40F20003 		movw	r3, #:lower16:a
 805 049c C0F20003 		movt	r3, #:upper16:a
 806 04a0 45F69242 		movw	r2, #23698
 807 04a4 C3F67F72 		movt	r2, 16255
 808 04a8 1A60     		str	r2, [r3, #0]	@ float
 151:../Sources/main.c **** 	dt=0.0025;
 809              		.loc 1 151 0
 810 04aa 40F20003 		movw	r3, #:lower16:dt
 811 04ae C0F20003 		movt	r3, #:upper16:dt
 812 04b2 4DF20A72 		movw	r2, #55050
 813 04b6 C3F62332 		movt	r2, 15139
 814 04ba 1A60     		str	r2, [r3, #0]	@ float
 152:../Sources/main.c **** 	
 153:../Sources/main.c **** 	ADC0_SC1A = (8 | 0b1000000);		//start ADC conversion
 815              		.loc 1 153 0
 816 04bc 4FF43043 		mov	r3, #45056
 817 04c0 C4F20303 		movt	r3, 16387
 818 04c4 4FF04802 		mov	r2, #72
 819 04c8 1A60     		str	r2, [r3, #0]
 154:../Sources/main.c **** 	enable_PID_interrupts
 820              		.loc 1 154 0
 821 04ca 4FF4E043 		mov	r3, #28672
 822 04ce C4F20303 		movt	r3, 16387
 823 04d2 4FF4E042 		mov	r2, #28672
 824 04d6 C4F20302 		movt	r2, 16387
 825 04da D2F81821 		ldr	r2, [r2, #280]
 826 04de 42F00202 		orr	r2, r2, #2
 827 04e2 C3F81821 		str	r2, [r3, #280]
 155:../Sources/main.c **** //	enable_SDcard_interrupts
 156:../Sources/main.c **** 	uint16_t p=0,t=0;
 828              		.loc 1 156 0
 829 04e6 4FF00003 		mov	r3, #0
 830 04ea BB81     		strh	r3, [r7, #12]	@ movhi
 831 04ec 4FF00003 		mov	r3, #0
 832 04f0 FB81     		strh	r3, [r7, #14]	@ movhi
 833              	.L28:
 157:../Sources/main.c **** 	while(1)
 158:../Sources/main.c **** 	{	  
 159:../Sources/main.c **** 		UART1_S1 &= UART_S1_OR_MASK;		//UARTra kell debuggolásnal, receive overrun
 834              		.loc 1 159 0 discriminator 1
 835 04f2 4FF43043 		mov	r3, #45056
 836 04f6 C4F20603 		movt	r3, 16390
 837 04fa 4FF43042 		mov	r2, #45056
 838 04fe C4F20602 		movt	r2, 16390
 839 0502 1279     		ldrb	r2, [r2, #4]
 840 0504 D2B2     		uxtb	r2, r2
 841 0506 02F00802 		and	r2, r2, #8
 842 050a D2B2     		uxtb	r2, r2
 843 050c 1A71     		strb	r2, [r3, #4]
 160:../Sources/main.c **** 		error(&fr);
 844              		.loc 1 160 0 discriminator 1
 845 050e 07F10703 		add	r3, r7, #7
 846 0512 1846     		mov	r0, r3
 847 0514 FFF7FEFF 		bl	error
 161:../Sources/main.c **** 		t++;
 848              		.loc 1 161 0 discriminator 1
 849 0518 FB89     		ldrh	r3, [r7, #14]	@ movhi
 850 051a 03F10103 		add	r3, r3, #1
 851 051e FB81     		strh	r3, [r7, #14]	@ movhi
 162:../Sources/main.c **** 		//Set_LEDPWM(0,0,p);
 163:../Sources/main.c **** 		SDcardw_Interrupt();
 852              		.loc 1 163 0 discriminator 1
 853 0520 FFF7FEFF 		bl	SDcardw_Interrupt
 164:../Sources/main.c **** 	//	ADC();
 165:../Sources/main.c **** 	//	FTM0_C4V=(15600/2)-200*COMPLEMENTARY_YANGLE;	//GREEN LED PWM gyro+acc
 166:../Sources/main.c **** 	//	FTM0_C2V=(15600/2)+200*COMPLEMENTARY_YANGLE;	//RED LED PWM	gyro+acc
 167:../Sources/main.c **** 	//	FTM0_C4V=(15600/2)-200*(relative_altittude-setpoint_alt)*10;	//GREEN LED PWM press
 168:../Sources/main.c **** 	//	FTM0_C2V=(15600/2)+200*(relative_altittude-setpoint_alt)*10;	//RED LED PWM	press
 169:../Sources/main.c **** 
 170:../Sources/main.c **** 	}
 854              		.loc 1 170 0 discriminator 1
 855 0524 E5E7     		b	.L28
 856              		.cfi_endproc
 857              	.LFE8:
 859              	.Letext0:
 860              		.file 2 "c:\\freescale\\cw mcu v10.6\\cross_tools\\arm-none-eabi-gcc-4_7_3\\bin\\../lib/gcc/arm-no
 861              		.file 3 "E:/saj\341t/quadcopter/quadcopter v2.0/Project_Headers/processor_specific_functions\\K40\
 862              		.file 4 "E:/saj\341t/quadcopter/quadcopter v2.0/Sources/ff10b/src/integer.h"
 863              		.file 5 "E:/saj\341t/quadcopter/quadcopter v2.0/Sources/ff10b/src/ff.h"
 864              		.file 6 "E:/saj\341t/quadcopter/quadcopter v2.0/Project_Headers/processor_specific_functions/K40/i
 865              		.file 7 "E:/saj\341t/quadcopter/quadcopter v2.0/Project_Headers/processor_specific_functions/K40/d
 866              		.file 8 "E:/saj\341t/quadcopter/quadcopter v2.0/Project_Headers/interrupts.h"
 867              		.file 9 "E:/saj\341t/quadcopter/quadcopter v2.0/Project_Headers/SDcard.h"
 868              		.file 10 "E:/saj\341t/quadcopter/quadcopter v2.0/Project_Headers/MPU6050.h"
 869              		.file 11 "E:/saj\341t/quadcopter/quadcopter v2.0/Project_Headers/BMP180.h"
DEFINED SYMBOLS
                            *ABS*:00000000 main.c
                            *COM*:00000004 I2C_Variable
                            *COM*:00000001 uart_data
                            *COM*:0000003c adc_data
                            *COM*:00000004 Kp
                            *COM*:00000004 Kd
                            *COM*:00000004 Ki
                            *COM*:00000004 zKp
                            *COM*:00000004 zKd
                            *COM*:00000004 basepower
                            *COM*:00000004 setpoint_x
                            *COM*:00000004 setpoint_y
                            *COM*:00000004 setpoint_z
                            *COM*:00000004 setpoint_alt
                            *COM*:00000004 batt1_vol
                            *COM*:00000004 batt2_vol
                            *COM*:00000004 batt3_vol
                            *COM*:00000004 BATT_VOLT
                            *COM*:00000230 FatFs
                            *COM*:00000224 fil
                            *COM*:00000002 GYRO_XOUT_OFFSET
                            *COM*:00000002 GYRO_YOUT_OFFSET
                            *COM*:00000002 GYRO_ZOUT_OFFSET
                            *COM*:00000002 ACCEL_XOUT_OFFSET
                            *COM*:00000002 ACCEL_YOUT_OFFSET
                            *COM*:00000002 ACCEL_ZOUT_OFFSET
                            *COM*:00000004 GYRO_XANGLE
                            *COM*:00000004 GYRO_YANGLE
                            *COM*:00000004 GYRO_ZANGLE
                            *COM*:00000002 GYRO_XOUT
                            *COM*:00000002 GYRO_YOUT
                            *COM*:00000002 GYRO_ZOUT
                            *COM*:00000002 ACCEL_XOUT
                            *COM*:00000002 ACCEL_YOUT
                            *COM*:00000002 ACCEL_ZOUT
                            *COM*:00000004 ACCEL_Gx
                            *COM*:00000004 ACCEL_Gy
                            *COM*:00000004 ACCEL_Gz
                            *COM*:00000008 ACCEL
                            *COM*:00000004 GYRO_XRATE
                            *COM*:00000004 GYRO_YRATE
                            *COM*:00000004 GYRO_ZRATE
                            *COM*:00000004 ACCEL_XANGLE
                            *COM*:00000004 ACCEL_YANGLE
                            *COM*:00000004 gyro_xsensitivity
                            *COM*:00000004 gyro_ysensitivity
                            *COM*:00000004 gyro_zsensitivity
                            *COM*:00000004 a
                            *COM*:00000004 dt
                            *COM*:00000004 COMPLEMENTARY_XANGLE
                            *COM*:00000004 COMPLEMENTARY_YANGLE
                            *COM*:0000000c filter_xterm
                            *COM*:0000000c filter_yterm
                            *COM*:00000004 XANGLE_OFFSET
                            *COM*:00000004 YANGLE_OFFSET
                            *COM*:00000004 TEMP
                            *COM*:00000004 timeConstant
                            *COM*:0000000e MPU_6050_buffer
                            *COM*:00000002 AC1
                            *COM*:00000002 AC2
                            *COM*:00000002 AC3
                            *COM*:00000002 B1
                            *COM*:00000002 B2
                            *COM*:00000002 MB
                            *COM*:00000002 MC
                            *COM*:00000002 MD
                            *COM*:00000002 AC4
                            *COM*:00000002 AC5
                            *COM*:00000002 AC6
                            *COM*:00000004 T
                            *COM*:00000004 absolute_altittude
                            *COM*:00000004 start_altittude
                            *COM*:00000004 relative_altittude
                            *COM*:00000004 P
C:\Users\Norbert\AppData\Local\Temp\ccXGxQPL.s:93     .text:00000000 $t
C:\Users\Norbert\AppData\Local\Temp\ccXGxQPL.s:98     .text:00000000 Zero_Sensors
C:\Users\Norbert\AppData\Local\Temp\ccXGxQPL.s:216    .text:000000e4 calibrate_ESC
C:\Users\Norbert\AppData\Local\Temp\ccXGxQPL.s:350    .text:000001fc motor_test
C:\Users\Norbert\AppData\Local\Temp\ccXGxQPL.s:416    .text:0000024c motor_start
C:\Users\Norbert\AppData\Local\Temp\ccXGxQPL.s:473    .text:000002b0 calibrate_BATT_voltmeter
C:\Users\Norbert\AppData\Local\Temp\ccXGxQPL.s:608    .rodata:00000000 $d
C:\Users\Norbert\AppData\Local\Temp\ccXGxQPL.s:609    .rodata:00000000 .LC0
C:\Users\Norbert\AppData\Local\Temp\ccXGxQPL.s:612    .rodata:00000004 .LC1
C:\Users\Norbert\AppData\Local\Temp\ccXGxQPL.s:615    .rodata:00000018 .LC2
C:\Users\Norbert\AppData\Local\Temp\ccXGxQPL.s:618    .rodata:00000024 .LC3
C:\Users\Norbert\AppData\Local\Temp\ccXGxQPL.s:626    .text:000003b0 bluetoothSetup
C:\Users\Norbert\AppData\Local\Temp\ccXGxQPL.s:683    .text:00000420 abs
C:\Users\Norbert\AppData\Local\Temp\ccXGxQPL.s:726    .text:00000440 error
C:\Users\Norbert\AppData\Local\Temp\ccXGxQPL.s:754    .rodata:00000030 .LC4
C:\Users\Norbert\AppData\Local\Temp\ccXGxQPL.s:763    .text:00000454 main
                     .debug_frame:00000010 $d
                           .group:00000000 wm4.1.6111752e1bd0a440bd5209819217ec83
                           .group:00000000 wm4.main.h.9.81396d5b502c9a6873858dab1b488864
                           .group:00000000 wm4.init.h.9.6215b16d96e0eb787ba872245cf7290f
                           .group:00000000 wm4.stdint.h.10.90b695f550ca6cc3fb08fa83baf01e05
                           .group:00000000 wm4.newlib.h.8.a9901dc52d1357e3e94003403d43f8b5
                           .group:00000000 wm4.config.h.193.5fb8ef056cdff92dec3dee9552839d8c
                           .group:00000000 wm4._ansi.h.23.95dee4059009fe3ab635a191bb73dc66
                           .group:00000000 wm4.stdio.h.31.f48311dde756a2aec27351b58a280fb9
                           .group:00000000 wm4.stddef.h.187.9e651b6b8b16e149c1353259404973ea
                           .group:00000000 wm4.stdarg.h.34.3a23a216c0c293b3d2ea2e89281481e6
                           .group:00000000 wm4._default_types.h.6.1dbd2e581fd590860c7c17f21d147e91
                           .group:00000000 wm4.lock.h.2.9bc98482741e5e2a9450b12934a684ea
                           .group:00000000 wm4.stddef.h.349.31f4c5baff3fa2689010b32028da9c47
                           .group:00000000 wm4.reent.h.16.9e42f0e588b85e70b2bf6572af57ce64
                           .group:00000000 wm4.types.h.23.0d949686bbcadd1621462d4fa1f884f9
                           .group:00000000 wm4.stddef.h.40.cf962ebbec441b3ac67502735f0765db
                           .group:00000000 wm4.types.h.2.e9cec8c90ab35f77d9f499e06ae02400
                           .group:00000000 wm4.types.h.80.1f2c84c0d57dd52dd9936095d9ac218e
                           .group:00000000 wm4.stdio.h.2.4aa87247282eca6c8f36f9de33d8df1a
                           .group:00000000 wm4.stdio.h.63.dfdea6580b080784d08faace69b6ed76
                           .group:00000000 wm4.stdarg.h.31.fa591a4b1df9e413e9f5b8097f9ae89d
                           .group:00000000 wm4.string.h.8.ef946ad0bc9ad5c970c365dcd1fc4b0a
                           .group:00000000 wm4.stddef.h.161.e50ff8a9d5d1abbc15641da28ac571bf
                           .group:00000000 wm4.string.h.86.d5c872ff52e2712c985b588a0ef39f3c
                           .group:00000000 wm4.math.h.35.07c7797db9e98c6f49a07908290b45ed
                           .group:00000000 wm4.arm_cm4.h.9.78faaf62d86eb97a647af1ebafb07a11
                           .group:00000000 wm4.SysTick.h.3.6f4da7f8fb96288ed4bbb4cee119df1f
                           .group:00000000 wm4.Clock.h.3.a53d5ed3b11823f56a6aca141130352b
                           .group:00000000 wm4.MK40X256VMD100.h.96.72dc045102cc699ba440f8fa0b280550
                           .group:00000000 wm4.i2c.h.1.3f1b2e4dcc6bdba977be59d8a51e893b
                           .group:00000000 wm4.misc.h.9.baaf43d8702a540222c668d182f75475
                           .group:00000000 wm4.PWM.h.9.e42d58c40ee648255e53f4e4738007a9
                           .group:00000000 wm4.SPI.h.9.60f1cb4029034538da62861db028322d
                           .group:00000000 wm4.ADC.h.9.e7a31df2daef26f2c286655e5d3c10dd
                           .group:00000000 wm4.dma.h.9.96660ff1bef0aa806d84c8ba8408982d
                           .group:00000000 wm4.ffconf.h.6.276819a3a49a7ae37f54890eecb94e63
                           .group:00000000 wm4.ff.h.45.a981520ef44c98f5ccd354741039de67
                           .group:00000000 wm4.SDcard.h.13.e5067f919396cc348c323ee4b231e5ee
                           .group:00000000 wm4.diskio.h.6.da50361b93ad53e5f0de9110dc9ad28d
                           .group:00000000 wm4.MPU6050.h.9.b96a5ef9f24cf228b62beca78b916cfc
                           .group:00000000 wm4.BMP180.h.9.1e786092deac7b246665fc1406fb0f7b

UNDEFINED SYMBOLS
__aeabi_fadd
__aeabi_fdiv
Get_Accel_Values
Get_Angles
Delay_mS
initLEDs
SetMotorPWM
Read_ADC0
uart_transmitdata
Init
create_log
f_write
SDcardw_Interrupt
